Flow report for uartsw
Tue Nov 10 15:50:19 2020
Quartus Prime Version 18.1.0 Build 625 09/12/2018 SJ Lite Edition


---------------------
; Table of Contents ;
---------------------
  1. Legal Notice
  2. Flow Summary
  3. Flow Settings
  4. Flow Non-Default Global Settings
  5. Flow Elapsed Time
  6. Flow OS Summary
  7. Flow Log
  8. Flow Messages
  9. Flow Suppressed Messages



----------------
; Legal Notice ;
----------------
Copyright (C) 2018  Intel Corporation. All rights reserved.
Your use of Intel Corporation's design tools, logic functions 
and other software and tools, and its AMPP partner logic 
functions, and any output files from any of the foregoing 
(including device programming or simulation files), and any 
associated documentation or information are expressly subject 
to the terms and conditions of the Intel Program License 
Subscription Agreement, the Intel Quartus Prime License Agreement,
the Intel FPGA IP License Agreement, or other applicable license
agreement, including, without limitation, that your use is for
the sole purpose of programming logic devices manufactured by
Intel and sold by Intel or its authorized distributors.  Please
refer to the applicable agreement for further details.



+-------------------------------------------------------------------------------+
; Flow Summary                                                                  ;
+---------------------------------+---------------------------------------------+
; Flow Status                     ; Successful - Tue Nov 10 15:50:19 2020       ;
; Quartus Prime Version           ; 18.1.0 Build 625 09/12/2018 SJ Lite Edition ;
; Revision Name                   ; uartsw                                      ;
; Top-level Entity Name           ; uartsw                                      ;
; Family                          ; Cyclone V                                   ;
; Device                          ; 5CSEMA5F31C6                                ;
; Timing Models                   ; Final                                       ;
; Logic utilization (in ALMs)     ; 1,958 / 32,070 ( 6 % )                      ;
; Total registers                 ; 4180                                        ;
; Total pins                      ; 260 / 457 ( 57 % )                          ;
; Total virtual pins              ; 0                                           ;
; Total block memory bits         ; 11,464 / 4,065,280 ( < 1 % )                ;
; Total DSP Blocks                ; 0 / 87 ( 0 % )                              ;
; Total HSSI RX PCSs              ; 0                                           ;
; Total HSSI PMA RX Deserializers ; 0                                           ;
; Total HSSI TX PCSs              ; 0                                           ;
; Total HSSI PMA TX Serializers   ; 0                                           ;
; Total PLLs                      ; 1 / 6 ( 17 % )                              ;
; Total DLLs                      ; 1 / 4 ( 25 % )                              ;
+---------------------------------+---------------------------------------------+


+-----------------------------------------+
; Flow Settings                           ;
+-------------------+---------------------+
; Option            ; Setting             ;
+-------------------+---------------------+
; Start date & time ; 11/10/2020 15:40:09 ;
; Main task         ; Compilation         ;
; Revision Name     ; uartsw              ;
+-------------------+---------------------+


+----------------------------------------------------------------------------------------------------------------------------------------------------------------------------------------------+
; Flow Non-Default Global Settings                                                                                                                                                             ;
+---------------------------------------+-------------------------------------------------------------------------------+---------------+-------------------------------------+----------------+
; Assignment Name                       ; Value                                                                         ; Default Value ; Entity Name                         ; Section Id     ;
+---------------------------------------+-------------------------------------------------------------------------------+---------------+-------------------------------------+----------------+
; COMPILER_SIGNATURE_ID                 ; 218274678330959.160501920106572                                               ; --            ; --                                  ; --             ;
; ECO_REGENERATE_REPORT                 ; On                                                                            ; Off           ; --                                  ; --             ;
; EDA_OUTPUT_DATA_FORMAT                ; Vhdl                                                                          ; --            ; --                                  ; eda_simulation ;
; EDA_SIMULATION_TOOL                   ; ModelSim-Altera (VHDL)                                                        ; <None>        ; --                                  ; --             ;
; EDA_TIME_SCALE                        ; 1 ps                                                                          ; --            ; --                                  ; eda_simulation ;
; HPS_ISW_FILE                          ; nios_hps_system/synthesis/submodules/sequencer/alt_types.pre.h                ; --            ; nios_hps_system_hps_0_hps_io_border ; --             ;
; HPS_ISW_FILE                          ; nios_hps_system/synthesis/submodules/sequencer/emif.pre.xml                   ; --            ; nios_hps_system_hps_0_hps_io_border ; --             ;
; HPS_ISW_FILE                          ; nios_hps_system/synthesis/submodules/sequencer/sdram_io.pre.h                 ; --            ; nios_hps_system_hps_0_hps_io_border ; --             ;
; HPS_ISW_FILE                          ; nios_hps_system/synthesis/submodules/sequencer/sequencer.pre.c                ; --            ; nios_hps_system_hps_0_hps_io_border ; --             ;
; HPS_ISW_FILE                          ; nios_hps_system/synthesis/submodules/sequencer/sequencer.pre.h                ; --            ; nios_hps_system_hps_0_hps_io_border ; --             ;
; HPS_ISW_FILE                          ; nios_hps_system/synthesis/submodules/sequencer/sequencer_auto.pre.h           ; --            ; nios_hps_system_hps_0_hps_io_border ; --             ;
; HPS_ISW_FILE                          ; nios_hps_system/synthesis/submodules/sequencer/sequencer_auto_ac_init.pre.c   ; --            ; nios_hps_system_hps_0_hps_io_border ; --             ;
; HPS_ISW_FILE                          ; nios_hps_system/synthesis/submodules/sequencer/sequencer_auto_inst_init.pre.c ; --            ; nios_hps_system_hps_0_hps_io_border ; --             ;
; HPS_ISW_FILE                          ; nios_hps_system/synthesis/submodules/sequencer/sequencer_defines.pre.h        ; --            ; nios_hps_system_hps_0_hps_io_border ; --             ;
; HPS_ISW_FILE                          ; nios_hps_system/synthesis/submodules/sequencer/system.pre.h                   ; --            ; nios_hps_system_hps_0_hps_io_border ; --             ;
; HPS_ISW_FILE                          ; nios_hps_system/synthesis/submodules/sequencer/tclrpt.pre.c                   ; --            ; nios_hps_system_hps_0_hps_io_border ; --             ;
; HPS_ISW_FILE                          ; nios_hps_system/synthesis/submodules/sequencer/tclrpt.pre.h                   ; --            ; nios_hps_system_hps_0_hps_io_border ; --             ;
; HPS_ISW_FILE                          ; nios_hps_system/synthesis/submodules/hps.pre.xml                              ; --            ; nios_hps_system_hps_0_hps_io_border ; --             ;
; HPS_PARTITION                         ; On                                                                            ; --            ; nios_hps_system_hps_0_hps_io_border ; --             ;
; MAX_CORE_JUNCTION_TEMP                ; 85                                                                            ; --            ; --                                  ; --             ;
; MIN_CORE_JUNCTION_TEMP                ; 0                                                                             ; --            ; --                                  ; --             ;
; MISC_FILE                             ; nios_hps_system/synthesis/../nios_hps_system.cmp                              ; --            ; --                                  ; --             ;
; MISC_FILE                             ; nios_hps_system/synthesis/../../E                                             ; --            ; --                                  ; --             ;
; MISC_FILE                             ; nios_hps_system/synthesis/nios_hps_system_hps_0_hps.svd                       ; --            ; --                                  ; --             ;
; MISC_FILE                             ; nios_hps_system/synthesis/../../nios_hps_system.qsys                          ; --            ; --                                  ; --             ;
; MISC_FILE                             ; nios_hps_system/synthesis/submodules/sequencer/alt_types.pre.h                ; --            ; --                                  ; --             ;
; MISC_FILE                             ; nios_hps_system/synthesis/submodules/sequencer/emif.pre.xml                   ; --            ; --                                  ; --             ;
; MISC_FILE                             ; nios_hps_system/synthesis/submodules/sequencer/sdram_io.pre.h                 ; --            ; --                                  ; --             ;
; MISC_FILE                             ; nios_hps_system/synthesis/submodules/sequencer/sequencer.pre.c                ; --            ; --                                  ; --             ;
; MISC_FILE                             ; nios_hps_system/synthesis/submodules/sequencer/sequencer.pre.h                ; --            ; --                                  ; --             ;
; MISC_FILE                             ; nios_hps_system/synthesis/submodules/sequencer/sequencer_auto.pre.h           ; --            ; --                                  ; --             ;
; MISC_FILE                             ; nios_hps_system/synthesis/submodules/sequencer/sequencer_auto_ac_init.pre.c   ; --            ; --                                  ; --             ;
; MISC_FILE                             ; nios_hps_system/synthesis/submodules/sequencer/sequencer_auto_inst_init.pre.c ; --            ; --                                  ; --             ;
; MISC_FILE                             ; nios_hps_system/synthesis/submodules/sequencer/sequencer_defines.pre.h        ; --            ; --                                  ; --             ;
; MISC_FILE                             ; nios_hps_system/synthesis/submodules/sequencer/system.pre.h                   ; --            ; --                                  ; --             ;
; MISC_FILE                             ; nios_hps_system/synthesis/submodules/sequencer/tclrpt.pre.c                   ; --            ; --                                  ; --             ;
; MISC_FILE                             ; nios_hps_system/synthesis/submodules/sequencer/tclrpt.pre.h                   ; --            ; --                                  ; --             ;
; MISC_FILE                             ; nios_hps_system/synthesis/submodules/hps.pre.xml                              ; --            ; --                                  ; --             ;
; PARTITION_COLOR                       ; -- (Not supported for targeted family)                                        ; --            ; --                                  ; Top            ;
; PARTITION_FITTER_PRESERVATION_LEVEL   ; -- (Not supported for targeted family)                                        ; --            ; --                                  ; Top            ;
; PARTITION_NETLIST_TYPE                ; -- (Not supported for targeted family)                                        ; --            ; --                                  ; Top            ;
; POWER_BOARD_THERMAL_MODEL             ; None (CONSERVATIVE)                                                           ; --            ; --                                  ; --             ;
; POWER_PRESET_COOLING_SOLUTION         ; 23 MM HEAT SINK WITH 200 LFPM AIRFLOW                                         ; --            ; --                                  ; --             ;
; PROJECT_OUTPUT_DIRECTORY              ; output_files                                                                  ; --            ; --                                  ; --             ;
; SLD_FILE                              ; nios_hps_system/synthesis/nios_hps_system.regmap                              ; --            ; --                                  ; --             ;
; SLD_FILE                              ; nios_hps_system/synthesis/nios_hps_system.debuginfo                           ; --            ; --                                  ; --             ;
; SLD_INFO                              ; QSYS_NAME nios_hps_system HAS_SOPCINFO 1 GENERATION_ID 1604395691             ; --            ; nios_hps_system                     ; --             ;
; SOPCINFO_FILE                         ; nios_hps_system/synthesis/../../nios_hps_system.sopcinfo                      ; --            ; --                                  ; --             ;
; SYNTHESIS_ONLY_QIP                    ; On                                                                            ; --            ; --                                  ; --             ;
; USE_DLL_FREQUENCY_FOR_DQS_DELAY_CHAIN ; On                                                                            ; Off           ; --                                  ; --             ;
+---------------------------------------+-------------------------------------------------------------------------------+---------------+-------------------------------------+----------------+


+--------------------------------------------------------------------------------------------------------------------------+
; Flow Elapsed Time                                                                                                        ;
+----------------------+--------------+-------------------------+---------------------+------------------------------------+
; Module Name          ; Elapsed Time ; Average Processors Used ; Peak Virtual Memory ; Total CPU Time (on all processors) ;
+----------------------+--------------+-------------------------+---------------------+------------------------------------+
; Analysis & Synthesis ; 00:01:36     ; 1.0                     ; 1187 MB             ; 00:01:55                           ;
; Fitter               ; 00:03:08     ; 1.1                     ; 3498 MB             ; 00:04:41                           ;
; Assembler            ; 00:00:24     ; 1.0                     ; 787 MB              ; 00:00:18                           ;
; Timing Analyzer      ; 00:01:00     ; 1.3                     ; 1671 MB             ; 00:01:11                           ;
; EDA Netlist Writer   ; 00:00:11     ; 1.0                     ; 858 MB              ; 00:00:10                           ;
; Total                ; 00:06:19     ; --                      ; --                  ; 00:08:15                           ;
+----------------------+--------------+-------------------------+---------------------+------------------------------------+


+-------------------------------------------------------------------------------------+
; Flow OS Summary                                                                     ;
+----------------------+------------------+-------------+------------+----------------+
; Module Name          ; Machine Hostname ; OS Name     ; OS Version ; Processor type ;
+----------------------+------------------+-------------+------------+----------------+
; Analysis & Synthesis ; procton          ; Windows 8.1 ; 6.3        ; x86_64         ;
; Fitter               ; procton          ; Windows 8.1 ; 6.3        ; x86_64         ;
; Assembler            ; procton          ; Windows 8.1 ; 6.3        ; x86_64         ;
; Timing Analyzer      ; procton          ; Windows 8.1 ; 6.3        ; x86_64         ;
; EDA Netlist Writer   ; procton          ; Windows 8.1 ; 6.3        ; x86_64         ;
+----------------------+------------------+-------------+------------+----------------+


------------
; Flow Log ;
------------
quartus_map --read_settings_files=on --write_settings_files=off uartsw -c uartsw
quartus_fit --read_settings_files=off --write_settings_files=off uartsw -c uartsw
quartus_asm --read_settings_files=off --write_settings_files=off uartsw -c uartsw
quartus_sta uartsw -c uartsw
quartus_eda --read_settings_files=off --write_settings_files=off uartsw -c uartsw



